<?xml version="1.0" encoding="UTF-8"?>
<!-- Generated by org.testng.reporters.JUnitXMLReporter -->
<testsuite hostname="DESKTOP-0AURN2C" ignored="0" name="Default test" tests="4" failures="0" timestamp="2019-12-14T10:36:55 CET" time="48.471" errors="0">
  <testcase name="addNewItem" time="29.669" classname="tests.TravelsCarsExtrasTest"/>
  <testcase name="isStatusChanged" time="0.04" classname="tests.TravelsCarsExtrasTest"/>
  <testcase name="isImageUploadedSuccessfuly" time="0.02" classname="tests.TravelsCarsExtrasTest"/>
  <testcase name="possibleTextInPrice" time="0.038" classname="tests.TravelsCarsExtrasTest"/>
</testsuite> <!-- Default test -->
